4/12/2025 7:40:18 PM: DeathLoggingProxy применил способность:
[Swordsman] Атакует врага (т.к. он фронтовой)!

4/12/2025 7:40:18 PM: DeathLoggingProxy применил способность:
[Swordsman] Атакует врага (т.к. он фронтовой)!

4/12/2025 7:40:18 PM: DeathLoggingProxy применил способность:
[Swordsman] Атакует врага (т.к. он фронтовой)!

4/12/2025 7:40:18 PM: DeathLoggingProxy применил способность:
[Spearman] Атакует несколько целей (мульти-удар)!

4/12/2025 7:40:18 PM: DeathLoggingProxy применил способность:
[Spearman] Атакует несколько целей (мульти-удар)!

4/12/2025 7:40:18 PM: DeathLoggingProxy применил способность:
[Swordsman] Атакует врага (т.к. он фронтовой)!

4/12/2025 7:40:18 PM: DeathLoggingProxy применил способность:
[Spearman] Атакует несколько целей (мульти-удар)!

4/12/2025 7:40:18 PM: DeathLoggingProxy применил способность:
[Spearman] Атакует несколько целей (мульти-удар)!

4/12/2025 7:40:18 PM: DeathLoggingProxy применил способность:
[Swordsman] Атакует врага (т.к. он фронтовой)!

4/12/2025 7:40:18 PM: DeathLoggingProxy применил способность:
[Swordsman] Атакует врага (т.к. он фронтовой)!

4/12/2025 7:40:18 PM: DeathLoggingProxy применил способность:
[Swordsman] Атакует врага (т.к. он фронтовой)!

4/12/2025 7:40:18 PM: DeathLoggingProxy применил способность:
[Spearman] Атакует несколько целей (мульти-удар)!

4/12/2025 7:40:18 PM: DeathLoggingProxy применил способность:
[Spearman] Атакует несколько целей (мульти-удар)!

4/12/2025 7:40:18 PM: DeathLoggingProxy применил способность:
[Spearman] Атакует несколько целей (мульти-удар)!

4/12/2025 7:40:18 PM: DeathLoggingProxy применил способность:
[Spearman] Атакует несколько целей (мульти-удар)!

4/12/2025 7:40:19 PM: DeathLoggingProxy применил способность:
[Swordsman] Атакует врага (т.к. он фронтовой)!

4/12/2025 7:40:19 PM: DeathLoggingProxy применил способность:
[Swordsman] Атакует врага (т.к. он фронтовой)!

4/12/2025 7:40:19 PM: DeathLoggingProxy применил способность:
[Swordsman] Атакует врага (т.к. он фронтовой)!

4/12/2025 7:40:19 PM: DeathLoggingProxy применил способность:
[Spearman] Атакует несколько целей (мульти-удар)!

4/12/2025 8:09:45 PM: DeathLoggingProxy применил способность:
[Swordsman] Атакует врага (т.к. он фронтовой)!

4/12/2025 8:09:45 PM: DeathLoggingProxy применил способность:
[Spearman] Атакует несколько целей (мульти-удар)!

4/12/2025 8:09:45 PM: DeathLoggingProxy применил способность:
[Mage] Бьёт слабой атакой!

4/12/2025 8:09:45 PM: DeathLoggingProxy применил способность:
[Healer] Слабо атакует (или пропускает).

4/12/2025 8:09:45 PM: DeathLoggingProxy применил способность:
[Healer] Слабо атакует (или пропускает).

4/12/2025 8:09:46 PM: DeathLoggingProxy применил способность:
[Swordsman] Атакует врага (т.к. он фронтовой)!

4/12/2025 8:09:46 PM: DeathLoggingProxy применил способность:
[Spearman] Атакует несколько целей (мульти-удар)!

4/12/2025 8:12:31 PM: DeathLoggingProxy применил способность:
[Swordsman] Атакует врага (т.к. он фронтовой)!

4/12/2025 8:12:31 PM: DeathLoggingProxy применил способность:
[Swordsman] Атакует врага (т.к. он фронтовой)!

4/12/2025 8:12:31 PM: DeathLoggingProxy применил способность:
[Swordsman] Атакует врага (т.к. он фронтовой)!

4/12/2025 8:12:31 PM: DeathLoggingProxy применил способность:
[Spearman] Атакует несколько целей (мульти-удар)!

4/12/2025 8:12:31 PM: DeathLoggingProxy применил способность:
[Spearman] Атакует несколько целей (мульти-удар)!

4/12/2025 8:12:31 PM: DeathLoggingProxy применил способность:
[Archer] Пытается выстрелить по врагу в пределах своей дальности...
[Archer] Стреляет в AbilityLoggingProxy (индекс 1), нанося 4 урона!

4/12/2025 8:12:31 PM: DeathLoggingProxy применил способность:
[Archer] Пытается выстрелить по врагу в пределах своей дальности...
[Archer] Стреляет в AbilityLoggingProxy (индекс 1), нанося 4 урона!

4/12/2025 8:12:31 PM: DeathLoggingProxy применил способность:
[Healer] Слабо атакует (или пропускает).

4/12/2025 8:12:31 PM: DeathLoggingProxy применил способность:
[Healer] Слабо атакует (или пропускает).

4/12/2025 8:12:44 PM: DeathLoggingProxy применил способность:
[Swordsman] Атакует врага (т.к. он фронтовой)!

4/12/2025 8:12:44 PM: DeathLoggingProxy применил способность:
[Swordsman] Атакует врага (т.к. он фронтовой)!

4/12/2025 8:12:44 PM: DeathLoggingProxy применил способность:
[Swordsman] Атакует врага (т.к. он фронтовой)!

4/12/2025 8:12:44 PM: DeathLoggingProxy применил способность:
[Spearman] Атакует несколько целей (мульти-удар)!

4/12/2025 8:12:44 PM: DeathLoggingProxy применил способность:
[Spearman] Атакует несколько целей (мульти-удар)!

4/14/2025 4:46:01 PM: DeathLoggingProxy применил способность:
[Swordsman] Атакует врага (т.к. он фронтовой)!

4/14/2025 4:46:01 PM: DeathLoggingProxy применил способность:
[WeaponBearer] Отдыхает...

4/14/2025 4:46:01 PM: DeathLoggingProxy применил способность:
[Spearman] Атакует несколько целей (мульти-удар)!

4/14/2025 4:46:01 PM: DeathLoggingProxy применил способность:
[Mage] Бьёт слабой атакой!

4/14/2025 4:46:01 PM: DeathLoggingProxy применил способность:
[Swordsman] Атакует врага (т.к. он фронтовой)!

4/14/2025 4:46:01 PM: DeathLoggingProxy применил способность:
[Swordsman] Атакует врага (т.к. он фронтовой)!

4/14/2025 4:46:01 PM: DeathLoggingProxy применил способность:
[Swordsman] Атакует врага (т.к. он фронтовой)!

4/14/2025 4:46:01 PM: DeathLoggingProxy применил способность:
[Swordsman] Атакует врага (т.к. он фронтовой)!

4/14/2025 4:46:01 PM: DeathLoggingProxy применил способность:
[Swordsman] Атакует врага (т.к. он фронтовой)!

4/14/2025 4:46:01 PM: DeathLoggingProxy применил способность:
[Archer] Стреляет в WallAdapter (индекс 0), нанося 4 урона!

4/14/2025 4:46:01 PM: DeathLoggingProxy применил способность:
[Swordsman] Атакует врага (т.к. он фронтовой)!

4/14/2025 4:46:01 PM: DeathLoggingProxy применил способность:
[WeaponBearer] Отдыхает...

4/14/2025 4:46:01 PM: DeathLoggingProxy применил способность:
[Spearman] Атакует несколько целей (мульти-удар)!

4/14/2025 4:46:01 PM: DeathLoggingProxy применил способность:
[Mage] Бьёт слабой атакой!

4/14/2025 4:46:01 PM: DeathLoggingProxy применил способность:
[Swordsman] Атакует врага (т.к. он фронтовой)!

4/14/2025 4:46:01 PM: DeathLoggingProxy применил способность:
[Swordsman] Атакует врага (т.к. он фронтовой)!

4/14/2025 4:46:01 PM: DeathLoggingProxy применил способность:
[Swordsman] Атакует врага (т.к. он фронтовой)!

4/14/2025 4:46:01 PM: DeathLoggingProxy применил способность:
[Swordsman] Атакует врага (т.к. он фронтовой)!

4/14/2025 4:46:01 PM: DeathLoggingProxy применил способность:
[Archer] Стреляет в WeaponBearer (индекс 1), нанося 4 урона!

4/14/2025 4:46:01 PM: DeathLoggingProxy применил способность:
[Swordsman] Атакует врага (т.к. он фронтовой)!

4/14/2025 4:46:01 PM: DeathLoggingProxy применил способность:
[WeaponBearer] Нет подходящих союзников рядом.

4/14/2025 4:46:01 PM: DeathLoggingProxy применил способность:
[Spearman] Атакует несколько целей (мульти-удар)!

4/14/2025 4:46:01 PM: DeathLoggingProxy применил способность:
[Mage] Бьёт слабой атакой!

4/14/2025 4:46:01 PM: DeathLoggingProxy применил способность:
[Swordsman] Атакует врага (т.к. он фронтовой)!

4/14/2025 4:46:01 PM: DeathLoggingProxy применил способность:
[Swordsman] Атакует врага (т.к. он фронтовой)!

4/14/2025 4:46:01 PM: DeathLoggingProxy применил способность:
[Swordsman] Атакует врага (т.к. он фронтовой)!

4/14/2025 4:46:01 PM: DeathLoggingProxy применил способность:
[Swordsman] Атакует врага (т.к. он фронтовой)!

4/14/2025 4:46:01 PM: DeathLoggingProxy применил способность:
[Archer] Стреляет в Mage (индекс 1), нанося 4 урона!

4/14/2025 4:46:02 PM: DeathLoggingProxy применил способность:
[Spearman] Атакует несколько целей (мульти-удар)!

4/14/2025 4:46:02 PM: DeathLoggingProxy применил способность:
[Swordsman] Атакует врага (т.к. он фронтовой)!

4/14/2025 4:46:02 PM: DeathLoggingProxy применил способность:
[Swordsman] Атакует врага (т.к. он фронтовой)!

4/18/2025 2:42:47 PM: DeathLoggingProxy применил способность:
[Swordsman] Атакует врага (т.к. он фронтовой)!

4/18/2025 2:42:47 PM: DeathLoggingProxy применил способность:
[Archer] Стреляет в Mage (индекс 0), нанося 4 урона!

4/18/2025 2:42:47 PM: DeathLoggingProxy применил способность:
[Mage] Бьёт слабой атакой!

4/18/2025 2:42:47 PM: DeathLoggingProxy применил способность:
[Archer] Стреляет в Mage (индекс 1), нанося 4 урона!

4/18/2025 2:42:47 PM: DeathLoggingProxy применил способность:
[Swordsman] Атакует врага (т.к. он фронтовой)!

4/26/2025 1:50:33 PM: DeathLoggingProxy применил способность:
[Swordsman] Атакует врага (т.к. он фронтовой)!

4/26/2025 1:50:33 PM: DeathLoggingProxy применил способность:
[Swordsman] Атакует врага (т.к. он фронтовой)!

4/26/2025 1:50:33 PM: DeathLoggingProxy применил способность:
[Mage] Бьёт слабой атакой!

4/26/2025 1:50:33 PM: DeathLoggingProxy применил способность:
[Swordsman] Атакует врага (т.к. он фронтовой)!

4/26/2025 1:50:33 PM: DeathLoggingProxy применил способность:
[Swordsman] Атакует врага (т.к. он фронтовой)!

4/26/2025 1:50:33 PM: DeathLoggingProxy применил способность:
[Archer] Стреляет в Swordsman (индекс 0), нанося 4 урона!

4/26/2025 1:50:33 PM: DeathLoggingProxy применил способность:
[Archer] Стреляет в Swordsman (индекс 1), нанося 4 урона!

4/26/2025 1:50:33 PM: DeathLoggingProxy применил способность:
[Archer] Стреляет в Swordsman (индекс 1), нанося 4 урона!

4/26/2025 1:50:33 PM: DeathLoggingProxy применил способность:
[Archer] Стреляет в Swordsman (индекс 0), нанося 4 урона!

4/26/2025 1:50:33 PM: DeathLoggingProxy применил способность:
[Archer] Стреляет в Swordsman (индекс 1), нанося 4 урона!

4/26/2025 1:50:33 PM: DeathLoggingProxy применил способность:
[Archer] Стреляет в Swordsman (индекс 0), нанося 4 урона!

4/26/2025 1:50:34 PM: DeathLoggingProxy применил способность:
[Mage] Бьёт слабой атакой!

4/26/2025 1:50:34 PM: DeathLoggingProxy применил способность:
[Swordsman] Атакует врага (т.к. он фронтовой)!

4/26/2025 1:50:34 PM: DeathLoggingProxy применил способность:
[Swordsman] Атакует врага (т.к. он фронтовой)!

4/26/2025 1:50:34 PM: DeathLoggingProxy применил способность:
[Archer] Стреляет в Swordsman (индекс 2), нанося 4 урона!

4/26/2025 1:50:34 PM: DeathLoggingProxy применил способность:
[Archer] Стреляет в Swordsman (индекс 2), нанося 4 урона!

4/26/2025 1:50:34 PM: DeathLoggingProxy применил способность:
[Archer] Стреляет в Mage (индекс 0), нанося 4 урона!

4/26/2025 1:50:34 PM: DeathLoggingProxy применил способность:
[Archer] Стреляет в Swordsman (индекс 0), нанося 4 урона!

4/26/2025 1:50:34 PM: DeathLoggingProxy применил способность:
[Archer] Стреляет в Swordsman (индекс 1), нанося 4 урона!

4/26/2025 1:50:41 PM: DeathLoggingProxy применил способность:
[Swordsman] Атакует врага (т.к. он фронтовой)!

4/26/2025 1:50:41 PM: DeathLoggingProxy применил способность:
[Archer] Стреляет в Swordsman (индекс 0), нанося 4 урона!

4/26/2025 1:50:41 PM: DeathLoggingProxy применил способность:
[Archer] Стреляет в Swordsman (индекс 0), нанося 4 урона!

4/26/2025 1:51:00 PM: DeathLoggingProxy применил способность:
[Archer] Стреляет в WallAdapter (индекс 0), нанося 4 урона!

4/26/2025 1:51:00 PM: DeathLoggingProxy применил способность:
[Archer] Стреляет в WallAdapter (индекс 0), нанося 4 урона!

4/26/2025 1:51:05 PM: DeathLoggingProxy применил способность:
[Archer] Стреляет в Archer (индекс 2), нанося 4 урона!

4/26/2025 1:51:05 PM: DeathLoggingProxy применил способность:
[Archer] Стреляет в WallAdapter (индекс 0), нанося 4 урона!

4/26/2025 1:51:05 PM: DeathLoggingProxy применил способность:
[Archer] Стреляет в WallAdapter (индекс 1), нанося 4 урона!

4/26/2025 1:51:05 PM: DeathLoggingProxy применил способность:
[Archer] Стреляет в WallAdapter (индекс 0), нанося 4 урона!

4/26/2025 1:51:06 PM: DeathLoggingProxy применил способность:
[Archer] Стреляет в WallAdapter (индекс 0), нанося 4 урона!

4/26/2025 1:51:06 PM: DeathLoggingProxy применил способность:
[Archer] Стреляет в WallAdapter (индекс 0), нанося 4 урона!

4/26/2025 1:51:08 PM: DeathLoggingProxy применил способность:
[Archer] Стреляет в WallAdapter (индекс 1), нанося 4 урона!

4/26/2025 1:51:08 PM: DeathLoggingProxy применил способность:
[Archer] Стреляет в Archer (индекс 1), нанося 4 урона!

4/26/2025 1:51:27 PM: DeathLoggingProxy применил способность:
[Archer] Стреляет в Archer (индекс 2), нанося 4 урона!

4/26/2025 1:51:27 PM: DeathLoggingProxy применил способность:
[Archer] Стреляет в WallAdapter (индекс 0), нанося 4 урона!

4/26/2025 1:51:28 PM: DeathLoggingProxy применил способность:
[Archer] Стреляет в WallAdapter (индекс 1), нанося 4 урона!

4/26/2025 1:51:28 PM: DeathLoggingProxy применил способность:
[Archer] Стреляет в WallAdapter (индекс 1), нанося 4 урона!

4/26/2025 1:51:28 PM: DeathLoggingProxy применил способность:
[Archer] Стреляет в WallAdapter (индекс 1), нанося 4 урона!

4/26/2025 1:51:28 PM: DeathLoggingProxy применил способность:
[Archer] Стреляет в WallAdapter (индекс 0), нанося 4 урона!

4/26/2025 1:51:28 PM: DeathLoggingProxy применил способность:
[Archer] Стреляет в WallAdapter (индекс 0), нанося 4 урона!

4/26/2025 1:51:29 PM: DeathLoggingProxy применил способность:
[Archer] Стреляет в WallAdapter (индекс 1), нанося 4 урона!

4/26/2025 1:51:29 PM: DeathLoggingProxy применил способность:
[Archer] Стреляет в WallAdapter (индекс 0), нанося 4 урона!

4/26/2025 1:51:29 PM: DeathLoggingProxy применил способность:
[Archer] Стреляет в WallAdapter (индекс 1), нанося 4 урона!

4/26/2025 1:51:29 PM: DeathLoggingProxy применил способность:
[Archer] Стреляет в WallAdapter (индекс 0), нанося 4 урона!

4/26/2025 1:51:58 PM: DeathLoggingProxy применил способность:
[Mage] Бьёт слабой атакой!

4/26/2025 1:51:58 PM: DeathLoggingProxy применил способность:
[Swordsman] Атакует врага (т.к. он фронтовой)!

4/26/2025 1:51:59 PM: DeathLoggingProxy применил способность:
[Mage] Бьёт слабой атакой!

4/26/2025 1:51:59 PM: DeathLoggingProxy применил способность:
[Swordsman] Атакует врага (т.к. он фронтовой)!

4/26/2025 1:52:00 PM: DeathLoggingProxy применил способность:
[Mage] Бьёт слабой атакой!

4/26/2025 1:52:00 PM: DeathLoggingProxy применил способность:
[Swordsman] Атакует врага (т.к. он фронтовой)!

4/26/2025 1:52:00 PM: DeathLoggingProxy применил способность:
[Mage] Бьёт слабой атакой!

4/26/2025 1:52:00 PM: DeathLoggingProxy применил способность:
[Swordsman] Атакует врага (т.к. он фронтовой)!

4/26/2025 1:52:01 PM: DeathLoggingProxy применил способность:
[Mage] Бьёт слабой атакой!

4/26/2025 1:52:01 PM: DeathLoggingProxy применил способность:
[Swordsman] Атакует врага (т.к. он фронтовой)!

4/26/2025 1:52:01 PM: DeathLoggingProxy применил способность:
[Mage] Использует магию копирования!
  [Mage] Нет подходящих целей для копирования!

4/26/2025 1:52:01 PM: DeathLoggingProxy применил способность:
[Swordsman] Атакует врага (т.к. он фронтовой)!

4/26/2025 1:52:02 PM: DeathLoggingProxy применил способность:
[Mage] Бьёт слабой атакой!

4/26/2025 1:52:02 PM: DeathLoggingProxy применил способность:
[Swordsman] Атакует врага (т.к. он фронтовой)!

4/26/2025 1:52:02 PM: DeathLoggingProxy применил способность:
[Mage] Бьёт слабой атакой!

4/26/2025 1:52:02 PM: DeathLoggingProxy применил способность:
[Swordsman] Атакует врага (т.к. он фронтовой)!

4/26/2025 1:52:02 PM: DeathLoggingProxy применил способность:
[Mage] Бьёт слабой атакой!

4/26/2025 1:52:03 PM: DeathLoggingProxy применил способность:
[Swordsman] Атакует врага (т.к. он фронтовой)!

4/26/2025 1:52:03 PM: DeathLoggingProxy применил способность:
[Mage] Бьёт слабой атакой!

4/26/2025 1:52:03 PM: DeathLoggingProxy применил способность:
[Swordsman] Атакует врага (т.к. он фронтовой)!

4/26/2025 1:52:03 PM: DeathLoggingProxy применил способность:
[Mage] Бьёт слабой атакой!

4/26/2025 1:52:03 PM: DeathLoggingProxy применил способность:
[Swordsman] Атакует врага (т.к. он фронтовой)!

4/26/2025 1:52:03 PM: DeathLoggingProxy применил способность:
[Mage] Использует магию копирования!
  [Mage] Нет подходящих целей для копирования!

4/26/2025 1:52:03 PM: DeathLoggingProxy применил способность:
[Swordsman] Атакует врага (т.к. он фронтовой)!

4/26/2025 1:52:04 PM: DeathLoggingProxy применил способность:
[Mage] Бьёт слабой атакой!

4/26/2025 1:52:04 PM: DeathLoggingProxy применил способность:
[Swordsman] Атакует врага (т.к. он фронтовой)!

4/26/2025 1:52:05 PM: DeathLoggingProxy применил способность:
[Mage] Бьёт слабой атакой!

4/26/2025 1:52:05 PM: DeathLoggingProxy применил способность:
[Swordsman] Атакует врага (т.к. он фронтовой)!

4/26/2025 1:52:05 PM: DeathLoggingProxy применил способность:
[Mage] Бьёт слабой атакой!

4/26/2025 1:52:05 PM: DeathLoggingProxy применил способность:
[Swordsman] Атакует врага (т.к. он фронтовой)!

4/26/2025 1:52:05 PM: DeathLoggingProxy применил способность:
[Mage] Бьёт слабой атакой!

4/26/2025 1:52:05 PM: DeathLoggingProxy применил способность:
[Swordsman] Атакует врага (т.к. он фронтовой)!

4/26/2025 1:52:05 PM: DeathLoggingProxy применил способность:
[Mage] Бьёт слабой атакой!

4/26/2025 1:52:05 PM: DeathLoggingProxy применил способность:
[Swordsman] Атакует врага (т.к. он фронтовой)!

4/26/2025 1:52:06 PM: DeathLoggingProxy применил способность:
[Mage] Использует магию копирования!
  [Mage] Нет подходящих целей для копирования!

4/26/2025 1:52:06 PM: DeathLoggingProxy применил способность:
[Swordsman] Атакует врага (т.к. он фронтовой)!

4/26/2025 1:52:06 PM: DeathLoggingProxy применил способность:
[Mage] Бьёт слабой атакой!

4/26/2025 1:52:06 PM: DeathLoggingProxy применил способность:
[Swordsman] Атакует врага (т.к. он фронтовой)!

4/26/2025 1:52:06 PM: DeathLoggingProxy применил способность:
[Mage] Бьёт слабой атакой!

4/26/2025 1:52:06 PM: DeathLoggingProxy применил способность:
[Swordsman] Атакует врага (т.к. он фронтовой)!

4/26/2025 1:52:06 PM: DeathLoggingProxy применил способность:
[Mage] Бьёт слабой атакой!

4/26/2025 1:52:06 PM: DeathLoggingProxy применил способность:
[Swordsman] Атакует врага (т.к. он фронтовой)!

4/26/2025 1:52:06 PM: DeathLoggingProxy применил способность:
[Mage] Бьёт слабой атакой!

4/26/2025 1:52:06 PM: DeathLoggingProxy применил способность:
[Swordsman] Атакует врага (т.к. он фронтовой)!

4/26/2025 1:52:06 PM: DeathLoggingProxy применил способность:
[Mage] Бьёт слабой атакой!

4/26/2025 1:52:06 PM: DeathLoggingProxy применил способность:
[Swordsman] Атакует врага (т.к. он фронтовой)!

4/26/2025 1:52:07 PM: DeathLoggingProxy применил способность:
[Mage] Использует магию копирования!
  [Mage] Нет подходящих целей для копирования!

4/26/2025 1:52:07 PM: DeathLoggingProxy применил способность:
[Swordsman] Атакует врага (т.к. он фронтовой)!

4/26/2025 1:52:07 PM: DeathLoggingProxy применил способность:
[Mage] Бьёт слабой атакой!

4/26/2025 1:52:07 PM: DeathLoggingProxy применил способность:
[Swordsman] Атакует врага (т.к. он фронтовой)!

4/26/2025 1:52:07 PM: DeathLoggingProxy применил способность:
[Mage] Бьёт слабой атакой!

4/26/2025 1:52:07 PM: DeathLoggingProxy применил способность:
[Swordsman] Атакует врага (т.к. он фронтовой)!

4/26/2025 1:52:07 PM: DeathLoggingProxy применил способность:
[Mage] Бьёт слабой атакой!

4/26/2025 1:52:07 PM: DeathLoggingProxy применил способность:
[Swordsman] Атакует врага (т.к. он фронтовой)!

4/26/2025 1:52:07 PM: DeathLoggingProxy применил способность:
[Mage] Бьёт слабой атакой!

4/26/2025 1:52:07 PM: DeathLoggingProxy применил способность:
[Swordsman] Атакует врага (т.к. он фронтовой)!

4/26/2025 1:52:07 PM: DeathLoggingProxy применил способность:
[Mage] Бьёт слабой атакой!

4/26/2025 1:52:07 PM: DeathLoggingProxy применил способность:
[Swordsman] Атакует врага (т.к. он фронтовой)!

4/26/2025 1:52:07 PM: DeathLoggingProxy применил способность:
[Mage] Использует магию копирования!
  [Mage] Нет подходящих целей для копирования!

4/26/2025 1:52:07 PM: DeathLoggingProxy применил способность:
[Swordsman] Атакует врага (т.к. он фронтовой)!

4/26/2025 1:52:08 PM: DeathLoggingProxy применил способность:
[Mage] Бьёт слабой атакой!

4/26/2025 1:52:08 PM: DeathLoggingProxy применил способность:
[Swordsman] Атакует врага (т.к. он фронтовой)!

4/26/2025 1:52:08 PM: DeathLoggingProxy применил способность:
[Mage] Бьёт слабой атакой!

4/26/2025 1:52:08 PM: DeathLoggingProxy применил способность:
[Swordsman] Атакует врага (т.к. он фронтовой)!

4/26/2025 1:52:08 PM: DeathLoggingProxy применил способность:
[Mage] Бьёт слабой атакой!

4/26/2025 1:52:08 PM: DeathLoggingProxy применил способность:
[Swordsman] Атакует врага (т.к. он фронтовой)!

4/26/2025 1:52:08 PM: DeathLoggingProxy применил способность:
[Mage] Бьёт слабой атакой!

4/26/2025 1:52:08 PM: DeathLoggingProxy применил способность:
[Swordsman] Атакует врага (т.к. он фронтовой)!

4/26/2025 1:52:08 PM: DeathLoggingProxy применил способность:
[Mage] Бьёт слабой атакой!

4/26/2025 1:52:08 PM: DeathLoggingProxy применил способность:
[Swordsman] Атакует врага (т.к. он фронтовой)!

4/26/2025 1:52:08 PM: DeathLoggingProxy применил способность:
[Mage] Использует магию копирования!
  [Mage] Нет подходящих целей для копирования!

4/26/2025 1:52:08 PM: DeathLoggingProxy применил способность:
[Swordsman] Атакует врага (т.к. он фронтовой)!

4/26/2025 1:52:09 PM: DeathLoggingProxy применил способность:
[Mage] Бьёт слабой атакой!

4/26/2025 1:52:09 PM: DeathLoggingProxy применил способность:
[Swordsman] Атакует врага (т.к. он фронтовой)!

4/26/2025 1:52:09 PM: DeathLoggingProxy применил способность:
[Mage] Бьёт слабой атакой!

4/26/2025 1:52:09 PM: DeathLoggingProxy применил способность:
[Swordsman] Атакует врага (т.к. он фронтовой)!

4/26/2025 1:52:09 PM: DeathLoggingProxy применил способность:
[Mage] Бьёт слабой атакой!

4/26/2025 1:52:09 PM: DeathLoggingProxy применил способность:
[Swordsman] Атакует врага (т.к. он фронтовой)!

4/26/2025 1:52:09 PM: DeathLoggingProxy применил способность:
[Mage] Бьёт слабой атакой!

4/26/2025 1:52:09 PM: DeathLoggingProxy применил способность:
[Swordsman] Атакует врага (т.к. он фронтовой)!

4/26/2025 1:52:09 PM: DeathLoggingProxy применил способность:
[Mage] Бьёт слабой атакой!

4/26/2025 1:52:09 PM: DeathLoggingProxy применил способность:
[Swordsman] Атакует врага (т.к. он фронтовой)!

4/26/2025 1:52:09 PM: DeathLoggingProxy применил способность:
[Mage] Использует магию копирования!
  [Mage] Нет подходящих целей для копирования!

4/26/2025 1:52:09 PM: DeathLoggingProxy применил способность:
[Swordsman] Атакует врага (т.к. он фронтовой)!

4/26/2025 1:52:10 PM: DeathLoggingProxy применил способность:
[Mage] Бьёт слабой атакой!

4/26/2025 1:52:10 PM: DeathLoggingProxy применил способность:
[Swordsman] Атакует врага (т.к. он фронтовой)!

4/26/2025 1:52:10 PM: DeathLoggingProxy применил способность:
[Mage] Бьёт слабой атакой!

4/26/2025 1:52:10 PM: DeathLoggingProxy применил способность:
[Swordsman] Атакует врага (т.к. он фронтовой)!

4/26/2025 1:52:10 PM: DeathLoggingProxy применил способность:
[Mage] Бьёт слабой атакой!

4/26/2025 1:52:10 PM: DeathLoggingProxy применил способность:
[Swordsman] Атакует врага (т.к. он фронтовой)!

4/26/2025 1:52:10 PM: DeathLoggingProxy применил способность:
[Mage] Бьёт слабой атакой!

4/26/2025 1:52:10 PM: DeathLoggingProxy применил способность:
[Swordsman] Атакует врага (т.к. он фронтовой)!

4/26/2025 1:52:10 PM: DeathLoggingProxy применил способность:
[Mage] Бьёт слабой атакой!

4/26/2025 1:52:10 PM: DeathLoggingProxy применил способность:
[Swordsman] Атакует врага (т.к. он фронтовой)!

4/26/2025 1:52:11 PM: DeathLoggingProxy применил способность:
[Mage] Использует магию копирования!
  [Mage] Нет подходящих целей для копирования!

4/26/2025 1:52:11 PM: DeathLoggingProxy применил способность:
[Swordsman] Атакует врага (т.к. он фронтовой)!

4/26/2025 1:52:11 PM: DeathLoggingProxy применил способность:
[Mage] Бьёт слабой атакой!

4/26/2025 1:52:11 PM: DeathLoggingProxy применил способность:
[Swordsman] Атакует врага (т.к. он фронтовой)!

4/26/2025 1:52:11 PM: DeathLoggingProxy применил способность:
[Mage] Бьёт слабой атакой!

4/26/2025 1:52:11 PM: DeathLoggingProxy применил способность:
[Swordsman] Атакует врага (т.к. он фронтовой)!

4/26/2025 1:52:11 PM: DeathLoggingProxy применил способность:
[Mage] Бьёт слабой атакой!

4/26/2025 1:52:11 PM: DeathLoggingProxy применил способность:
[Swordsman] Атакует врага (т.к. он фронтовой)!

4/26/2025 1:52:12 PM: DeathLoggingProxy применил способность:
[Mage] Бьёт слабой атакой!

4/26/2025 1:52:12 PM: DeathLoggingProxy применил способность:
[Swordsman] Атакует врага (т.к. он фронтовой)!

4/26/2025 1:52:12 PM: DeathLoggingProxy применил способность:
[Mage] Бьёт слабой атакой!

4/26/2025 1:52:12 PM: DeathLoggingProxy применил способность:
[Swordsman] Атакует врага (т.к. он фронтовой)!

4/26/2025 1:52:12 PM: DeathLoggingProxy применил способность:
[Mage] Использует магию копирования!
  [Mage] Нет подходящих целей для копирования!

4/26/2025 1:52:12 PM: DeathLoggingProxy применил способность:
[Swordsman] Атакует врага (т.к. он фронтовой)!

4/26/2025 1:52:12 PM: DeathLoggingProxy применил способность:
[Mage] Бьёт слабой атакой!

4/26/2025 1:52:12 PM: DeathLoggingProxy применил способность:
[Swordsman] Атакует врага (т.к. он фронтовой)!

4/26/2025 1:52:12 PM: DeathLoggingProxy применил способность:
[Mage] Бьёт слабой атакой!

4/26/2025 1:52:12 PM: DeathLoggingProxy применил способность:
[Swordsman] Атакует врага (т.к. он фронтовой)!

4/26/2025 1:52:13 PM: DeathLoggingProxy применил способность:
[Mage] Бьёт слабой атакой!

4/26/2025 1:52:13 PM: DeathLoggingProxy применил способность:
[Swordsman] Атакует врага (т.к. он фронтовой)!

4/26/2025 1:52:13 PM: DeathLoggingProxy применил способность:
[Mage] Бьёт слабой атакой!

4/26/2025 1:52:13 PM: DeathLoggingProxy применил способность:
[Swordsman] Атакует врага (т.к. он фронтовой)!

4/26/2025 1:52:13 PM: DeathLoggingProxy применил способность:
[Mage] Бьёт слабой атакой!

4/26/2025 1:52:13 PM: DeathLoggingProxy применил способность:
[Swordsman] Атакует врага (т.к. он фронтовой)!

4/26/2025 1:52:13 PM: DeathLoggingProxy применил способность:
[Mage] Использует магию копирования!
  [Mage] Нет подходящих целей для копирования!

4/26/2025 1:52:13 PM: DeathLoggingProxy применил способность:
[Swordsman] Атакует врага (т.к. он фронтовой)!

4/26/2025 1:52:13 PM: DeathLoggingProxy применил способность:
[Mage] Бьёт слабой атакой!

4/26/2025 1:52:13 PM: DeathLoggingProxy применил способность:
[Swordsman] Атакует врага (т.к. он фронтовой)!

4/26/2025 1:52:13 PM: DeathLoggingProxy применил способность:
[Mage] Бьёт слабой атакой!

4/26/2025 1:52:13 PM: DeathLoggingProxy применил способность:
[Swordsman] Атакует врага (т.к. он фронтовой)!

4/26/2025 1:52:14 PM: DeathLoggingProxy применил способность:
[Mage] Бьёт слабой атакой!

4/26/2025 1:52:14 PM: DeathLoggingProxy применил способность:
[Swordsman] Атакует врага (т.к. он фронтовой)!

4/26/2025 1:52:14 PM: DeathLoggingProxy применил способность:
[Mage] Бьёт слабой атакой!

4/26/2025 1:52:14 PM: DeathLoggingProxy применил способность:
[Swordsman] Атакует врага (т.к. он фронтовой)!

4/26/2025 1:52:14 PM: DeathLoggingProxy применил способность:
[Mage] Бьёт слабой атакой!

4/26/2025 1:52:14 PM: DeathLoggingProxy применил способность:
[Swordsman] Атакует врага (т.к. он фронтовой)!

4/26/2025 1:52:14 PM: DeathLoggingProxy применил способность:
[Mage] Использует магию копирования!
  [Mage] Нет подходящих целей для копирования!

4/26/2025 1:52:14 PM: DeathLoggingProxy применил способность:
[Swordsman] Атакует врага (т.к. он фронтовой)!

4/26/2025 1:52:14 PM: DeathLoggingProxy применил способность:
[Mage] Бьёт слабой атакой!

4/26/2025 1:52:14 PM: DeathLoggingProxy применил способность:
[Swordsman] Атакует врага (т.к. он фронтовой)!

4/26/2025 1:52:14 PM: DeathLoggingProxy применил способность:
[Mage] Бьёт слабой атакой!

4/26/2025 1:52:14 PM: DeathLoggingProxy применил способность:
[Swordsman] Атакует врага (т.к. он фронтовой)!

4/26/2025 1:52:15 PM: DeathLoggingProxy применил способность:
[Mage] Бьёт слабой атакой!

4/26/2025 1:52:15 PM: DeathLoggingProxy применил способность:
[Swordsman] Атакует врага (т.к. он фронтовой)!

4/26/2025 1:52:15 PM: DeathLoggingProxy применил способность:
[Mage] Бьёт слабой атакой!

4/26/2025 1:52:15 PM: DeathLoggingProxy применил способность:
[Swordsman] Атакует врага (т.к. он фронтовой)!

4/26/2025 1:52:15 PM: DeathLoggingProxy применил способность:
[Mage] Бьёт слабой атакой!

4/26/2025 1:52:15 PM: DeathLoggingProxy применил способность:
[Swordsman] Атакует врага (т.к. он фронтовой)!

4/26/2025 1:52:15 PM: DeathLoggingProxy применил способность:
[Mage] Использует магию копирования!
  [Mage] Нет подходящих целей для копирования!

4/26/2025 1:52:15 PM: DeathLoggingProxy применил способность:
[Swordsman] Атакует врага (т.к. он фронтовой)!

4/26/2025 1:52:15 PM: DeathLoggingProxy применил способность:
[Mage] Бьёт слабой атакой!

4/26/2025 1:52:15 PM: DeathLoggingProxy применил способность:
[Swordsman] Атакует врага (т.к. он фронтовой)!

4/26/2025 1:52:15 PM: DeathLoggingProxy применил способность:
[Mage] Бьёт слабой атакой!

4/26/2025 1:52:15 PM: DeathLoggingProxy применил способность:
[Swordsman] Атакует врага (т.к. он фронтовой)!

4/26/2025 1:52:16 PM: DeathLoggingProxy применил способность:
[Mage] Бьёт слабой атакой!

4/26/2025 1:52:16 PM: DeathLoggingProxy применил способность:
[Swordsman] Атакует врага (т.к. он фронтовой)!

4/26/2025 1:52:16 PM: DeathLoggingProxy применил способность:
[Mage] Бьёт слабой атакой!

4/26/2025 1:52:16 PM: DeathLoggingProxy применил способность:
[Swordsman] Атакует врага (т.к. он фронтовой)!

4/26/2025 1:52:16 PM: DeathLoggingProxy применил способность:
[Mage] Бьёт слабой атакой!

4/26/2025 1:52:16 PM: DeathLoggingProxy применил способность:
[Swordsman] Атакует врага (т.к. он фронтовой)!

4/26/2025 1:52:16 PM: DeathLoggingProxy применил способность:
[Mage] Использует магию копирования!
  [Mage] Нет подходящих целей для копирования!

4/26/2025 1:52:16 PM: DeathLoggingProxy применил способность:
[Swordsman] Атакует врага (т.к. он фронтовой)!

4/26/2025 1:52:16 PM: DeathLoggingProxy применил способность:
[Mage] Бьёт слабой атакой!

4/26/2025 1:52:16 PM: DeathLoggingProxy применил способность:
[Swordsman] Атакует врага (т.к. он фронтовой)!

4/26/2025 1:52:16 PM: DeathLoggingProxy применил способность:
[Mage] Бьёт слабой атакой!

4/26/2025 1:52:16 PM: DeathLoggingProxy применил способность:
[Swordsman] Атакует врага (т.к. он фронтовой)!

4/26/2025 1:52:17 PM: DeathLoggingProxy применил способность:
[Mage] Бьёт слабой атакой!

4/26/2025 1:52:17 PM: DeathLoggingProxy применил способность:
[Swordsman] Атакует врага (т.к. он фронтовой)!

4/26/2025 1:52:17 PM: DeathLoggingProxy применил способность:
[Mage] Бьёт слабой атакой!

4/26/2025 1:52:17 PM: DeathLoggingProxy применил способность:
[Swordsman] Атакует врага (т.к. он фронтовой)!

4/26/2025 1:52:17 PM: DeathLoggingProxy применил способность:
[Mage] Бьёт слабой атакой!

4/26/2025 1:52:17 PM: DeathLoggingProxy применил способность:
[Swordsman] Атакует врага (т.к. он фронтовой)!

4/26/2025 1:52:17 PM: DeathLoggingProxy применил способность:
[Mage] Использует магию копирования!
  [Mage] Нет подходящих целей для копирования!

4/26/2025 1:52:17 PM: DeathLoggingProxy применил способность:
[Swordsman] Атакует врага (т.к. он фронтовой)!

4/26/2025 1:52:17 PM: DeathLoggingProxy применил способность:
[Mage] Бьёт слабой атакой!

4/26/2025 1:52:17 PM: DeathLoggingProxy применил способность:
[Swordsman] Атакует врага (т.к. он фронтовой)!

4/26/2025 1:52:17 PM: DeathLoggingProxy применил способность:
[Mage] Бьёт слабой атакой!

4/26/2025 1:52:17 PM: DeathLoggingProxy применил способность:
[Swordsman] Атакует врага (т.к. он фронтовой)!

4/26/2025 1:52:17 PM: DeathLoggingProxy применил способность:
[Mage] Бьёт слабой атакой!

4/26/2025 1:52:17 PM: DeathLoggingProxy применил способность:
[Swordsman] Атакует врага (т.к. он фронтовой)!

4/26/2025 1:52:18 PM: DeathLoggingProxy применил способность:
[Mage] Бьёт слабой атакой!

4/26/2025 1:52:18 PM: DeathLoggingProxy применил способность:
[Swordsman] Атакует врага (т.к. он фронтовой)!

4/26/2025 1:52:18 PM: DeathLoggingProxy применил способность:
[Mage] Бьёт слабой атакой!

4/26/2025 1:52:18 PM: DeathLoggingProxy применил способность:
[Swordsman] Атакует врага (т.к. он фронтовой)!

4/26/2025 1:52:18 PM: DeathLoggingProxy применил способность:
[Mage] Использует магию копирования!
  [Mage] Нет подходящих целей для копирования!

4/26/2025 1:52:18 PM: DeathLoggingProxy применил способность:
[Swordsman] Атакует врага (т.к. он фронтовой)!

4/26/2025 1:52:18 PM: DeathLoggingProxy применил способность:
[Mage] Бьёт слабой атакой!

4/26/2025 1:52:18 PM: DeathLoggingProxy применил способность:
[Swordsman] Атакует врага (т.к. он фронтовой)!

4/26/2025 1:52:34 PM: DeathLoggingProxy применил способность:
[Swordsman] Атакует врага (т.к. он фронтовой)!

4/26/2025 1:52:34 PM: DeathLoggingProxy применил способность:
[Mage] Бьёт слабой атакой!

4/26/2025 1:52:34 PM: DeathLoggingProxy применил способность:
[Swordsman] Атакует врага (т.к. он фронтовой)!

4/26/2025 1:52:34 PM: DeathLoggingProxy применил способность:
[Mage] Бьёт слабой атакой!

4/26/2025 1:52:35 PM: DeathLoggingProxy применил способность:
[Swordsman] Атакует врага (т.к. он фронтовой)!

4/26/2025 1:52:35 PM: DeathLoggingProxy применил способность:
[Mage] Бьёт слабой атакой!

4/26/2025 1:52:35 PM: DeathLoggingProxy применил способность:
[Swordsman] Атакует врага (т.к. он фронтовой)!

4/26/2025 1:52:35 PM: DeathLoggingProxy применил способность:
[Mage] Бьёт слабой атакой!

4/26/2025 1:52:36 PM: DeathLoggingProxy применил способность:
[Swordsman] Атакует врага (т.к. он фронтовой)!

4/26/2025 1:52:36 PM: DeathLoggingProxy применил способность:
[Mage] Бьёт слабой атакой!

4/26/2025 1:52:36 PM: DeathLoggingProxy применил способность:
[Swordsman] Атакует врага (т.к. он фронтовой)!

4/26/2025 1:52:36 PM: DeathLoggingProxy применил способность:
[Mage] Использует магию копирования!
  [Mage] Нет подходящих целей для копирования!

4/26/2025 1:52:39 PM: DeathLoggingProxy применил способность:
[Swordsman] Атакует врага (т.к. он фронтовой)!

4/26/2025 1:52:39 PM: DeathLoggingProxy применил способность:
[Mage] Бьёт слабой атакой!

4/26/2025 6:53:15 PM: DeathLoggingProxy применил способность:
[Swordsman] Атакует врага (т.к. он фронтовой)!

4/26/2025 6:53:15 PM: DeathLoggingProxy применил способность:
[Swordsman] Атакует врага (т.к. он фронтовой)!

4/26/2025 6:53:15 PM: DeathLoggingProxy применил способность:
[Swordsman] Атакует врага (т.к. он фронтовой)!

4/26/2025 6:53:15 PM: DeathLoggingProxy применил способность:
[Archer] стреляет в WeaponBearer (позиция 2), нанося 4 урона.

4/26/2025 6:53:15 PM: DeathLoggingProxy применил способность:
[Archer] стреляет в WeaponBearer (позиция 2), нанося 4 урона.

4/26/2025 6:53:15 PM: DeathLoggingProxy применил способность:
[Healer] Слабо атакует (или пропускает).

4/26/2025 6:53:15 PM: DeathLoggingProxy применил способность:
[Swordsman] Атакует врага (т.к. он фронтовой)!

4/26/2025 6:53:15 PM: DeathLoggingProxy применил способность:
[Swordsman] Атакует врага (т.к. он фронтовой)!

4/26/2025 6:53:15 PM: DeathLoggingProxy применил способность:
[Swordsman] Атакует врага (т.к. он фронтовой)!

4/26/2025 6:53:15 PM: DeathLoggingProxy применил способность:
[Archer] стреляет в WallAdapter (позиция 0), нанося 4 урона.

4/26/2025 6:53:15 PM: DeathLoggingProxy применил способность:
[Archer] стреляет в WallAdapter (позиция 0), нанося 4 урона.

4/26/2025 6:53:16 PM: DeathLoggingProxy применил способность:
[Swordsman] Атакует врага (т.к. он фронтовой)!

4/26/2025 6:53:16 PM: DeathLoggingProxy применил способность:
[Swordsman] Атакует врага (т.к. он фронтовой)!

4/26/2025 6:53:16 PM: DeathLoggingProxy применил способность:
[Swordsman] Атакует врага (т.к. он фронтовой)!

4/26/2025 6:53:16 PM: DeathLoggingProxy применил способность:
[Archer] стреляет в WallAdapter (позиция 0), нанося 4 урона.

4/26/2025 6:53:16 PM: DeathLoggingProxy применил способность:
[Archer] стреляет в WallAdapter (позиция 0), нанося 4 урона.

5/14/2025 11:24:37 AM: DeathLoggingProxy применил способность:
[Healer] Слабо атакует (или пропускает).

5/14/2025 11:24:37 AM: DeathLoggingProxy применил способность:
[Mage] наносит слабый удар!

5/14/2025 11:24:37 AM: DeathLoggingProxy применил способность:
[Archer] стреляет в Spearman (позиция 2), нанося 4 урона.

5/14/2025 11:24:37 AM: DeathLoggingProxy применил способность:
[Mage] наносит слабый удар!

5/14/2025 11:24:37 AM: DeathLoggingProxy применил способность:
[WeaponBearer] Отдыхает...

5/14/2025 11:24:37 AM: DeathLoggingProxy применил способность:
[Spearman] Атакует несколько целей (мульти-удар)!

