4/12/2025 7:40:18 PM: Swordsman погиб (HP: 1 -> -1)
4/12/2025 7:40:18 PM: Swordsman погиб (HP: 2 -> -1)
4/12/2025 7:40:19 PM: Spearman погиб (HP: 1 -> -2)
4/12/2025 7:40:19 PM: Spearman погиб (HP: 1 -> -1)
4/12/2025 8:09:45 PM: Healer погиб (HP: 1 -> -1)
4/12/2025 8:09:45 PM: Healer погиб (HP: 1 -> 0)
4/12/2025 8:09:46 PM: Healer погиб (HP: 1 -> -1)
4/12/2025 8:12:31 PM: Swordsman погиб (HP: 1 -> -1)
4/12/2025 8:12:44 PM: Archer погиб (HP: 1 -> -2)
4/12/2025 8:12:44 PM: Archer погиб (HP: 2 -> -1)
4/12/2025 8:12:44 PM: Healer погиб (HP: 2 -> 0)
4/12/2025 8:12:44 PM: Healer погиб (HP: 2 -> 0)
4/12/2025 8:16:49 PM: Swordsman погиб (HP: 2 -> -2)
4/12/2025 8:16:55 PM: Swordsman погиб (HP: 2 -> -2)
4/14/2025 4:46:01 PM: Swordsman погиб (HP: 1 -> 0)
4/14/2025 4:46:01 PM: WallAdapter погиб (HP: 3 -> 0)
4/14/2025 4:46:01 PM: Swordsman погиб (HP: 3 -> 0)
4/14/2025 4:46:01 PM: WeaponBearer погиб (HP: 2 -> -1)
4/14/2025 4:46:01 PM: Mage погиб (HP: 4 -> 0)
4/14/2025 4:46:02 PM: Swordsman погиб (HP: 2 -> 0)
4/14/2025 4:46:02 PM: Spearman погиб (HP: 2 -> -1)
4/18/2025 2:42:47 PM: Mage погиб (HP: 1 -> -3)
4/18/2025 2:42:47 PM: Mage погиб (HP: 4 -> 0)
4/18/2025 2:42:47 PM: Mage погиб (HP: 3 -> 0)
4/26/2025 1:50:33 PM: Swordsman погиб (HP: 2 -> -1)
4/26/2025 1:50:33 PM: Swordsman погиб (HP: 4 -> 0)
4/26/2025 1:50:33 PM: Swordsman погиб (HP: 4 -> 0)
4/26/2025 1:50:34 PM: Archer погиб (HP: 1 -> -2)
4/26/2025 1:50:34 PM: Mage погиб (HP: 4 -> 0)
4/26/2025 1:50:34 PM: Swordsman погиб (HP: 4 -> 0)
4/26/2025 1:50:41 PM: Swordsman погиб (HP: 4 -> 0)
4/26/2025 1:51:27 PM: Archer погиб (HP: 1 -> -3)
4/26/2025 1:51:29 PM: WallAdapter погиб (HP: 1 -> -3)
4/26/2025 1:51:29 PM: WallAdapter погиб (HP: 1 -> -3)
4/26/2025 1:52:02 PM: WallAdapter погиб (HP: 1 -> -2)
4/26/2025 1:52:05 PM: WallAdapter погиб (HP: 1 -> -2)
4/26/2025 1:52:06 PM: WallAdapter погиб (HP: 1 -> -2)
4/26/2025 1:52:07 PM: WallAdapter погиб (HP: 1 -> -2)
4/26/2025 1:52:08 PM: WallAdapter погиб (HP: 1 -> -2)
4/26/2025 1:52:09 PM: WallAdapter погиб (HP: 2 -> -1)
4/26/2025 1:52:11 PM: WallAdapter погиб (HP: 1 -> -2)
4/26/2025 1:52:12 PM: WallAdapter погиб (HP: 1 -> -2)
4/26/2025 1:52:14 PM: WallAdapter погиб (HP: 1 -> -2)
4/26/2025 1:52:15 PM: WallAdapter погиб (HP: 1 -> -2)
4/26/2025 1:52:16 PM: WallAdapter погиб (HP: 1 -> -2)
4/26/2025 1:52:17 PM: WallAdapter погиб (HP: 2 -> -1)
4/26/2025 1:52:18 PM: WallAdapter погиб (HP: 1 -> -2)
4/26/2025 1:52:39 PM: WallAdapter погиб (HP: 2 -> -1)
4/26/2025 3:18:32 PM: Healer погиб (HP: 2 -> 0)
4/26/2025 3:18:32 PM: Mage погиб (HP: 2 -> 0)
4/26/2025 3:18:32 PM: Archer погиб (HP: 1 -> -1)
4/26/2025 3:18:35 PM: Spearman погиб (HP: 2 -> 0)
4/26/2025 3:18:36 PM: WallAdapter погиб (HP: 1 -> -1)
4/26/2025 6:53:15 PM: Spearman погиб (HP: 2 -> -1)
4/26/2025 6:53:15 PM: WeaponBearer погиб (HP: 2 -> -2)
4/26/2025 6:53:15 PM: Healer погиб (HP: 1 -> -2)
4/26/2025 6:53:16 PM: WallAdapter погиб (HP: 1 -> -3)
